<?xml version="1.0" encoding="UTF-8"?>
<!-- Generated by org.testng.reporters.JUnitReportReporter -->
<testsuite hostname="LAPTOP-BDFO7O69" failures="0" tests="1" name="Tests.LoginTest" time="4.841" errors="0" timestamp="2025-05-18T12:23:01 EEST" skipped="0">
  <testcase classname="Tests.LoginTest" name="ValidLoginTest" time="4.841"/>
</testsuite> <!-- Tests.LoginTest -->
